  Main.cpp
  The contents of <filesystem> are available only with C++17 or later.
  CommunicationPipe.cpp
  RequestHandler.cpp
  SegmentHandler.cpp
C:\Program Files (x86)\Microsoft Visual Studio\2019\Community\VC\Tools\MSVC\14.27.29110\include\unordered_map(51,99): error C2280: 'std::_Uhash_compare<_Kty,_Hasher,_Keyeq>::_Uhash_compare(const std::_Uhash_compare<_Kty,_Hasher,_Keyeq> &)': attempting to reference a deleted function
          with
          [
              _Kty=std::vector<char,std::allocator<char>>,
              _Hasher=std::hash<std::vector<char,std::allocator<char>>>,
              _Keyeq=std::equal_to<std::vector<char,std::allocator<char>>>
          ]
C:\Program Files (x86)\Microsoft Visual Studio\2019\Community\VC\Tools\MSVC\14.27.29110\include\xhash(185): message : compiler has generated 'std::_Uhash_compare<_Kty,_Hasher,_Keyeq>::_Uhash_compare' here
          with
          [
              _Kty=std::vector<char,std::allocator<char>>,
              _Hasher=std::hash<std::vector<char,std::allocator<char>>>,
              _Keyeq=std::equal_to<std::vector<char,std::allocator<char>>>
          ]
C:\Program Files (x86)\Microsoft Visual Studio\2019\Community\VC\Tools\MSVC\14.27.29110\include\xhash(185,1): message : 'std::_Uhash_compare<_Kty,_Hasher,_Keyeq>::_Uhash_compare(const std::_Uhash_compare<_Kty,_Hasher,_Keyeq> &)': function was implicitly deleted because a data member invokes a deleted or inaccessible function 'std::_Compressed_pair<_Hasher,std::_Compressed_pair<_Keyeq,float,true>,true>::_Compressed_pair(const std::_Compressed_pair<_Hasher,std::_Compressed_pair<_Keyeq,float,true>,true> &)'
          with
          [
              _Kty=std::vector<char,std::allocator<char>>,
              _Hasher=std::hash<std::vector<char,std::allocator<char>>>,
              _Keyeq=std::equal_to<std::vector<char,std::allocator<char>>>
          ]
          and
          [
              _Hasher=std::hash<std::vector<char,std::allocator<char>>>,
              _Keyeq=std::equal_to<std::vector<char,std::allocator<char>>>
          ]
C:\Program Files (x86)\Microsoft Visual Studio\2019\Community\VC\Tools\MSVC\14.27.29110\include\xmemory(1350,1): message : 'std::_Compressed_pair<_Hasher,std::_Compressed_pair<_Keyeq,float,true>,true>::_Compressed_pair(const std::_Compressed_pair<_Hasher,std::_Compressed_pair<_Keyeq,float,true>,true> &)': function was implicitly deleted because a base class invokes a deleted or inaccessible function 'std::hash<std::vector<char,std::allocator<char>>>::hash(const std::hash<std::vector<char,std::allocator<char>>> &)'
          with
          [
              _Hasher=std::hash<std::vector<char,std::allocator<char>>>,
              _Keyeq=std::equal_to<std::vector<char,std::allocator<char>>>
          ]
C:\Program Files (x86)\Microsoft Visual Studio\2019\Community\VC\Tools\MSVC\14.27.29110\include\type_traits(2255,1): message : 'std::hash<std::vector<char,std::allocator<char>>>::hash(const std::hash<std::vector<char,std::allocator<char>>> &)': function was implicitly deleted because a base class invokes a deleted or inaccessible function 'std::_Conditionally_enabled_hash<_Kty,false>::_Conditionally_enabled_hash(const std::_Conditionally_enabled_hash<_Kty,false> &)'
          with
          [
              _Kty=std::vector<char,std::allocator<char>>
          ]
C:\Program Files (x86)\Microsoft Visual Studio\2019\Community\VC\Tools\MSVC\14.27.29110\include\type_traits(2240,5): message : 'std::_Conditionally_enabled_hash<_Kty,false>::_Conditionally_enabled_hash(const std::_Conditionally_enabled_hash<_Kty,false> &)': function was explicitly deleted
          with
          [
              _Kty=std::vector<char,std::allocator<char>>
          ]
C:\Program Files (x86)\Microsoft Visual Studio\2019\Community\VC\Tools\MSVC\14.27.29110\include\unordered_map(51): message : while compiling class template member function 'std::_Umap_traits<_Kty,_Ty,std::_Uhash_compare<_Kty,_Hasher,_Keyeq>,_Alloc,false>::_Umap_traits(const _Tr &) noexcept(false)'
          with
          [
              _Kty=std::vector<char,std::allocator<char>>,
              _Ty=RegSegment *,
              _Hasher=std::hash<std::vector<char,std::allocator<char>>>,
              _Keyeq=std::equal_to<std::vector<char,std::allocator<char>>>,
              _Alloc=std::allocator<std::pair<const std::vector<char,std::allocator<char>>,RegSegment *>>,
              _Tr=std::_Uhash_compare<std::vector<char,std::allocator<char>>,std::hash<std::vector<char,std::allocator<char>>>,std::equal_to<std::vector<char,std::allocator<char>>>>
          ]
C:\Program Files (x86)\Microsoft Visual Studio\2019\Community\VC\Tools\MSVC\14.27.29110\include\xhash(391): message : see reference to function template instantiation 'std::_Umap_traits<_Kty,_Ty,std::_Uhash_compare<_Kty,_Hasher,_Keyeq>,_Alloc,false>::_Umap_traits(const _Tr &) noexcept(false)' being compiled
          with
          [
              _Kty=std::vector<char,std::allocator<char>>,
              _Ty=RegSegment *,
              _Hasher=std::hash<std::vector<char,std::allocator<char>>>,
              _Keyeq=std::equal_to<std::vector<char,std::allocator<char>>>,
              _Alloc=std::allocator<std::pair<const std::vector<char,std::allocator<char>>,RegSegment *>>,
              _Tr=std::_Uhash_compare<std::vector<char,std::allocator<char>>,std::hash<std::vector<char,std::allocator<char>>>,std::equal_to<std::vector<char,std::allocator<char>>>>
          ]
C:\Program Files (x86)\Microsoft Visual Studio\2019\Community\VC\Tools\MSVC\14.27.29110\include\xhash(342): message : see reference to class template instantiation 'std::_Umap_traits<_Kty,_Ty,std::_Uhash_compare<_Kty,_Hasher,_Keyeq>,_Alloc,false>' being compiled
          with
          [
              _Kty=std::vector<char,std::allocator<char>>,
              _Ty=RegSegment *,
              _Hasher=std::hash<std::vector<char,std::allocator<char>>>,
              _Keyeq=std::equal_to<std::vector<char,std::allocator<char>>>,
              _Alloc=std::allocator<std::pair<const std::vector<char,std::allocator<char>>,RegSegment *>>
          ]
C:\Program Files (x86)\Microsoft Visual Studio\2019\Community\VC\Tools\MSVC\14.27.29110\include\unordered_map(69): message : see reference to class template instantiation 'std::_Hash<std::_Umap_traits<_Kty,_Ty,std::_Uhash_compare<_Kty,_Hasher,_Keyeq>,_Alloc,false>>' being compiled
          with
          [
              _Kty=std::vector<char,std::allocator<char>>,
              _Ty=RegSegment *,
              _Hasher=std::hash<std::vector<char,std::allocator<char>>>,
              _Keyeq=std::equal_to<std::vector<char,std::allocator<char>>>,
              _Alloc=std::allocator<std::pair<const std::vector<char,std::allocator<char>>,RegSegment *>>
          ]
G:\Prog-Projects\2020\ABSoftware\Libraries\ABSoftware.Core\ABSoftware.Core.RegistryProvider\SegmentHandler.cpp(5): message : see reference to class template instantiation 'std::unordered_map<std::vector<char,std::allocator<char>>,RegSegment *,std::hash<std::vector<char,std::allocator<char>>>,std::equal_to<std::vector<char,std::allocator<char>>>,std::allocator<std::pair<const std::vector<char,std::allocator<char>>,RegSegment *>>>' being compiled
  Generating Code...
